{"/home/joao/Documents/Programming/Bootcamp/GoBarber/mobile/src/components/Button/index.tsx": {"path":"/home/joao/Documents/Programming/Bootcamp/GoBarber/mobile/src/components/Button/index.tsx","statementMap":{"0":{"start":{"line":10,"column":38},"end":{"line":14,"column":1}},"1":{"start":{"line":11,"column":4},"end":{"line":13,"column":16}}},"fnMap":{"0":{"name":"(anonymous_0)","decl":{"start":{"line":10,"column":38},"end":{"line":10,"column":39}},"loc":{"start":{"line":11,"column":4},"end":{"line":13,"column":16}},"line":11}},"branchMap":{},"s":{"0":1,"1":1},"f":{"0":1},"b":{},"_coverageSchema":"43e27e138ebf9cfc5966b082cf9a028302ed4184","hash":"9b8ba62cadb9e2fcc82f6ab33ee7666642f909f3"}
,"/home/joao/Documents/Programming/Bootcamp/GoBarber/mobile/src/components/Input/index.tsx": {"path":"/home/joao/Documents/Programming/Bootcamp/GoBarber/mobile/src/components/Input/index.tsx","statementMap":{"0":{"start":{"line":28,"column":66},"end":{"line":89,"column":1}},"1":{"start":{"line":32,"column":67},"end":{"line":32,"column":81}},"2":{"start":{"line":33,"column":28},"end":{"line":33,"column":45}},"3":{"start":{"line":34,"column":26},"end":{"line":34,"column":78}},"4":{"start":{"line":36,"column":38},"end":{"line":36,"column":53}},"5":{"start":{"line":37,"column":36},"end":{"line":37,"column":51}},"6":{"start":{"line":39,"column":4},"end":{"line":53,"column":34}},"7":{"start":{"line":40,"column":8},"end":{"line":52,"column":10}},"8":{"start":{"line":45,"column":16},"end":{"line":45,"column":51}},"9":{"start":{"line":46,"column":16},"end":{"line":46,"column":71}},"10":{"start":{"line":49,"column":16},"end":{"line":49,"column":48}},"11":{"start":{"line":50,"column":16},"end":{"line":50,"column":47}},"12":{"start":{"line":55,"column":4},"end":{"line":59,"column":7}},"13":{"start":{"line":55,"column":36},"end":{"line":59,"column":5}},"14":{"start":{"line":57,"column":12},"end":{"line":57,"column":43}},"15":{"start":{"line":61,"column":29},"end":{"line":63,"column":10}},"16":{"start":{"line":62,"column":8},"end":{"line":62,"column":26}},"17":{"start":{"line":65,"column":28},"end":{"line":69,"column":10}},"18":{"start":{"line":66,"column":8},"end":{"line":66,"column":27}},"19":{"start":{"line":68,"column":8},"end":{"line":68,"column":50}},"20":{"start":{"line":71,"column":4},"end":{"line":88,"column":5}},"21":{"start":{"line":78,"column":20},"end":{"line":78,"column":55}}},"fnMap":{"0":{"name":"(anonymous_0)","decl":{"start":{"line":28,"column":66},"end":{"line":28,"column":67}},"loc":{"start":{"line":31,"column":5},"end":{"line":89,"column":1}},"line":31},"1":{"name":"(anonymous_1)","decl":{"start":{"line":39,"column":14},"end":{"line":39,"column":15}},"loc":{"start":{"line":39,"column":20},"end":{"line":53,"column":5}},"line":39},"2":{"name":"(anonymous_2)","decl":{"start":{"line":44,"column":12},"end":{"line":44,"column":13}},"loc":{"start":{"line":44,"column":38},"end":{"line":47,"column":13}},"line":44},"3":{"name":"(anonymous_3)","decl":{"start":{"line":48,"column":12},"end":{"line":48,"column":13}},"loc":{"start":{"line":48,"column":25},"end":{"line":51,"column":13}},"line":48},"4":{"name":"(anonymous_4)","decl":{"start":{"line":55,"column":29},"end":{"line":55,"column":30}},"loc":{"start":{"line":55,"column":36},"end":{"line":59,"column":5}},"line":55},"5":{"name":"(anonymous_5)","decl":{"start":{"line":56,"column":8},"end":{"line":56,"column":9}},"loc":{"start":{"line":56,"column":16},"end":{"line":58,"column":9}},"line":56},"6":{"name":"(anonymous_6)","decl":{"start":{"line":61,"column":41},"end":{"line":61,"column":42}},"loc":{"start":{"line":61,"column":47},"end":{"line":63,"column":5}},"line":61},"7":{"name":"(anonymous_7)","decl":{"start":{"line":65,"column":40},"end":{"line":65,"column":41}},"loc":{"start":{"line":65,"column":46},"end":{"line":69,"column":5}},"line":65},"8":{"name":"(anonymous_8)","decl":{"start":{"line":77,"column":30},"end":{"line":77,"column":31}},"loc":{"start":{"line":77,"column":41},"end":{"line":79,"column":17}},"line":77}},"branchMap":{"0":{"loc":{"start":{"line":29,"column":18},"end":{"line":29,"column":37}},"type":"default-arg","locations":[{"start":{"line":29,"column":35},"end":{"line":29,"column":37}}],"line":29},"1":{"loc":{"start":{"line":32,"column":23},"end":{"line":32,"column":40}},"type":"default-arg","locations":[{"start":{"line":32,"column":38},"end":{"line":32,"column":40}}],"line":32},"2":{"loc":{"start":{"line":73,"column":47},"end":{"line":73,"column":92}},"type":"cond-expr","locations":[{"start":{"line":73,"column":71},"end":{"line":73,"column":80}},{"start":{"line":73,"column":83},"end":{"line":73,"column":92}}],"line":73},"3":{"loc":{"start":{"line":73,"column":47},"end":{"line":73,"column":68}},"type":"binary-expr","locations":[{"start":{"line":73,"column":47},"end":{"line":73,"column":56}},{"start":{"line":73,"column":60},"end":{"line":73,"column":68}}],"line":73}},"s":{"0":1,"1":2,"2":2,"3":2,"4":2,"5":2,"6":2,"7":2,"8":0,"9":0,"10":0,"11":0,"12":2,"13":1,"14":0,"15":2,"16":0,"17":2,"18":0,"19":0,"20":2,"21":0},"f":{"0":2,"1":2,"2":0,"3":0,"4":1,"5":0,"6":0,"7":0,"8":0},"b":{"0":[2],"1":[2],"2":[0,2],"3":[2,2]},"_coverageSchema":"43e27e138ebf9cfc5966b082cf9a028302ed4184","hash":"2209ab4faec2812a877c988034f40060d2274999"}
,"/home/joao/Documents/Programming/Bootcamp/GoBarber/mobile/src/hooks/auth.tsx": {"path":"/home/joao/Documents/Programming/Bootcamp/GoBarber/mobile/src/hooks/auth.tsx","statementMap":{"0":{"start":{"line":37,"column":20},"end":{"line":37,"column":73}},"1":{"start":{"line":39,"column":31},"end":{"line":104,"column":1}},"2":{"start":{"line":40,"column":28},"end":{"line":40,"column":64}},"3":{"start":{"line":41,"column":34},"end":{"line":41,"column":48}},"4":{"start":{"line":43,"column":4},"end":{"line":59,"column":10}},"5":{"start":{"line":45,"column":42},"end":{"line":48,"column":14}},"6":{"start":{"line":50,"column":12},"end":{"line":53,"column":13}},"7":{"start":{"line":51,"column":16},"end":{"line":51,"column":70}},"8":{"start":{"line":52,"column":16},"end":{"line":52,"column":58}},"9":{"start":{"line":55,"column":12},"end":{"line":55,"column":29}},"10":{"start":{"line":58,"column":8},"end":{"line":58,"column":24}},"11":{"start":{"line":61,"column":23},"end":{"line":71,"column":5}},"12":{"start":{"line":63,"column":12},"end":{"line":66,"column":14}},"13":{"start":{"line":68,"column":12},"end":{"line":68,"column":78}},"14":{"start":{"line":73,"column":19},"end":{"line":89,"column":10}},"15":{"start":{"line":74,"column":25},"end":{"line":77,"column":10}},"16":{"start":{"line":79,"column":32},"end":{"line":79,"column":45}},"17":{"start":{"line":81,"column":8},"end":{"line":84,"column":10}},"18":{"start":{"line":86,"column":8},"end":{"line":86,"column":62}},"19":{"start":{"line":88,"column":8},"end":{"line":88,"column":32}},"20":{"start":{"line":91,"column":20},"end":{"line":95,"column":10}},"21":{"start":{"line":92,"column":8},"end":{"line":92,"column":77}},"22":{"start":{"line":94,"column":8},"end":{"line":94,"column":32}},"23":{"start":{"line":97,"column":4},"end":{"line":103,"column":5}},"24":{"start":{"line":107,"column":20},"end":{"line":107,"column":43}},"25":{"start":{"line":109,"column":4},"end":{"line":110,"column":78}},"26":{"start":{"line":110,"column":8},"end":{"line":110,"column":78}},"27":{"start":{"line":112,"column":4},"end":{"line":112,"column":18}}},"fnMap":{"0":{"name":"(anonymous_0)","decl":{"start":{"line":39,"column":31},"end":{"line":39,"column":32}},"loc":{"start":{"line":39,"column":49},"end":{"line":104,"column":1}},"line":39},"1":{"name":"(anonymous_1)","decl":{"start":{"line":43,"column":14},"end":{"line":43,"column":15}},"loc":{"start":{"line":43,"column":20},"end":{"line":59,"column":5}},"line":43},"2":{"name":"loadStoredData","decl":{"start":{"line":44,"column":23},"end":{"line":44,"column":37}},"loc":{"start":{"line":44,"column":55},"end":{"line":56,"column":9}},"line":44},"3":{"name":"(anonymous_3)","decl":{"start":{"line":62,"column":8},"end":{"line":62,"column":9}},"loc":{"start":{"line":62,"column":30},"end":{"line":69,"column":9}},"line":62},"4":{"name":"(anonymous_4)","decl":{"start":{"line":73,"column":31},"end":{"line":73,"column":32}},"loc":{"start":{"line":73,"column":62},"end":{"line":89,"column":5}},"line":73},"5":{"name":"(anonymous_5)","decl":{"start":{"line":91,"column":32},"end":{"line":91,"column":33}},"loc":{"start":{"line":91,"column":44},"end":{"line":95,"column":5}},"line":91},"6":{"name":"useAuth","decl":{"start":{"line":106,"column":9},"end":{"line":106,"column":16}},"loc":{"start":{"line":106,"column":36},"end":{"line":113,"column":1}},"line":106}},"branchMap":{"0":{"loc":{"start":{"line":50,"column":12},"end":{"line":53,"column":13}},"type":"if","locations":[{"start":{"line":50,"column":12},"end":{"line":53,"column":13}},{"start":{"line":50,"column":12},"end":{"line":53,"column":13}}],"line":50},"1":{"loc":{"start":{"line":50,"column":16},"end":{"line":50,"column":29}},"type":"binary-expr","locations":[{"start":{"line":50,"column":16},"end":{"line":50,"column":21}},{"start":{"line":50,"column":25},"end":{"line":50,"column":29}}],"line":50},"2":{"loc":{"start":{"line":109,"column":4},"end":{"line":110,"column":78}},"type":"if","locations":[{"start":{"line":109,"column":4},"end":{"line":110,"column":78}},{"start":{"line":109,"column":4},"end":{"line":110,"column":78}}],"line":109}},"s":{"0":1,"1":1,"2":0,"3":0,"4":0,"5":0,"6":0,"7":0,"8":0,"9":0,"10":0,"11":0,"12":0,"13":0,"14":0,"15":0,"16":0,"17":0,"18":0,"19":0,"20":0,"21":0,"22":0,"23":0,"24":1,"25":1,"26":0,"27":1},"f":{"0":0,"1":0,"2":0,"3":0,"4":0,"5":0,"6":1},"b":{"0":[0,0],"1":[0,0],"2":[0,1]},"_coverageSchema":"43e27e138ebf9cfc5966b082cf9a028302ed4184","hash":"d57c60e60ef83c6793bf425fcd2d153d2878adf2"}
,"/home/joao/Documents/Programming/Bootcamp/GoBarber/mobile/src/pages/AppointmentCreated/index.tsx": {"path":"/home/joao/Documents/Programming/Bootcamp/GoBarber/mobile/src/pages/AppointmentCreated/index.tsx","statementMap":{"0":{"start":{"line":13,"column":37},"end":{"line":44,"column":1}},"1":{"start":{"line":14,"column":22},"end":{"line":14,"column":37}},"2":{"start":{"line":15,"column":23},"end":{"line":15,"column":33}},"3":{"start":{"line":17,"column":24},"end":{"line":17,"column":45}},"4":{"start":{"line":19,"column":26},"end":{"line":23,"column":26}},"5":{"start":{"line":20,"column":8},"end":{"line":22,"column":10}},"6":{"start":{"line":25,"column":28},"end":{"line":30,"column":15}},"7":{"start":{"line":26,"column":8},"end":{"line":29,"column":10}},"8":{"start":{"line":32,"column":4},"end":{"line":43,"column":5}}},"fnMap":{"0":{"name":"(anonymous_0)","decl":{"start":{"line":13,"column":37},"end":{"line":13,"column":38}},"loc":{"start":{"line":13,"column":43},"end":{"line":44,"column":1}},"line":13},"1":{"name":"(anonymous_1)","decl":{"start":{"line":19,"column":34},"end":{"line":19,"column":35}},"loc":{"start":{"line":19,"column":40},"end":{"line":23,"column":5}},"line":19},"2":{"name":"(anonymous_2)","decl":{"start":{"line":25,"column":40},"end":{"line":25,"column":41}},"loc":{"start":{"line":25,"column":46},"end":{"line":30,"column":5}},"line":25}},"branchMap":{},"s":{"0":0,"1":0,"2":0,"3":0,"4":0,"5":0,"6":0,"7":0,"8":0},"f":{"0":0,"1":0,"2":0},"b":{},"hash":"e546ed518f401aa2d182eaae394f0d97b6e841ff"}
,"/home/joao/Documents/Programming/Bootcamp/GoBarber/mobile/src/pages/CreateAppointment/index.tsx": {"path":"/home/joao/Documents/Programming/Bootcamp/GoBarber/mobile/src/pages/CreateAppointment/index.tsx","statementMap":{"0":{"start":{"line":52,"column":36},"end":{"line":280,"column":1}},"1":{"start":{"line":53,"column":21},"end":{"line":53,"column":30}},"2":{"start":{"line":54,"column":18},"end":{"line":54,"column":28}},"3":{"start":{"line":55,"column":33},"end":{"line":55,"column":48}},"4":{"start":{"line":56,"column":24},"end":{"line":56,"column":51}},"5":{"start":{"line":58,"column":44},"end":{"line":58,"column":76}},"6":{"start":{"line":59,"column":38},"end":{"line":59,"column":62}},"7":{"start":{"line":60,"column":52},"end":{"line":62,"column":5}},"8":{"start":{"line":63,"column":48},"end":{"line":63,"column":63}},"9":{"start":{"line":64,"column":44},"end":{"line":64,"column":64}},"10":{"start":{"line":65,"column":44},"end":{"line":65,"column":55}},"11":{"start":{"line":67,"column":4},"end":{"line":71,"column":10}},"12":{"start":{"line":68,"column":8},"end":{"line":70,"column":10}},"13":{"start":{"line":69,"column":12},"end":{"line":69,"column":39}},"14":{"start":{"line":73,"column":4},"end":{"line":83,"column":57}},"15":{"start":{"line":74,"column":8},"end":{"line":82,"column":10}},"16":{"start":{"line":81,"column":12},"end":{"line":81,"column":42}},"17":{"start":{"line":85,"column":4},"end":{"line":87,"column":22}},"18":{"start":{"line":86,"column":8},"end":{"line":86,"column":26}},"19":{"start":{"line":89,"column":25},"end":{"line":91,"column":16}},"20":{"start":{"line":90,"column":8},"end":{"line":90,"column":16}},"21":{"start":{"line":93,"column":33},"end":{"line":95,"column":10}},"22":{"start":{"line":94,"column":8},"end":{"line":94,"column":39}},"23":{"start":{"line":97,"column":35},"end":{"line":99,"column":10}},"24":{"start":{"line":98,"column":8},"end":{"line":98,"column":44}},"25":{"start":{"line":98,"column":37},"end":{"line":98,"column":43}},"26":{"start":{"line":101,"column":29},"end":{"line":108,"column":5}},"27":{"start":{"line":103,"column":12},"end":{"line":103,"column":67}},"28":{"start":{"line":103,"column":43},"end":{"line":103,"column":67}},"29":{"start":{"line":105,"column":12},"end":{"line":105,"column":43}},"30":{"start":{"line":105,"column":22},"end":{"line":105,"column":43}},"31":{"start":{"line":110,"column":29},"end":{"line":112,"column":10}},"32":{"start":{"line":111,"column":8},"end":{"line":111,"column":29}},"33":{"start":{"line":114,"column":36},"end":{"line":133,"column":64}},"34":{"start":{"line":115,"column":8},"end":{"line":132,"column":9}},"35":{"start":{"line":116,"column":25},"end":{"line":116,"column":47}},"36":{"start":{"line":118,"column":12},"end":{"line":118,"column":39}},"37":{"start":{"line":119,"column":12},"end":{"line":119,"column":30}},"38":{"start":{"line":121,"column":12},"end":{"line":124,"column":14}},"39":{"start":{"line":126,"column":12},"end":{"line":126,"column":68}},"40":{"start":{"line":128,"column":12},"end":{"line":131,"column":13}},"41":{"start":{"line":135,"column":30},"end":{"line":137,"column":18}},"42":{"start":{"line":136,"column":8},"end":{"line":136,"column":27}},"43":{"start":{"line":139,"column":32},"end":{"line":147,"column":22}},"44":{"start":{"line":140,"column":8},"end":{"line":146,"column":15}},"45":{"start":{"line":141,"column":34},"end":{"line":141,"column":43}},"46":{"start":{"line":142,"column":43},"end":{"line":146,"column":13}},"47":{"start":{"line":149,"column":34},"end":{"line":157,"column":22}},"48":{"start":{"line":150,"column":8},"end":{"line":156,"column":15}},"49":{"start":{"line":151,"column":34},"end":{"line":151,"column":44}},"50":{"start":{"line":152,"column":43},"end":{"line":156,"column":13}},"51":{"start":{"line":159,"column":4},"end":{"line":279,"column":5}},"52":{"start":{"line":179,"column":52},"end":{"line":179,"column":63}},"53":{"start":{"line":181,"column":28},"end":{"line":195,"column":48}},"54":{"start":{"line":183,"column":36},"end":{"line":183,"column":69}},"55":{"start":{"line":229,"column":36},"end":{"line":241,"column":43}},"56":{"start":{"line":234,"column":55},"end":{"line":234,"column":77}},"57":{"start":{"line":253,"column":36},"end":{"line":265,"column":43}},"58":{"start":{"line":258,"column":55},"end":{"line":258,"column":77}}},"fnMap":{"0":{"name":"(anonymous_0)","decl":{"start":{"line":52,"column":36},"end":{"line":52,"column":37}},"loc":{"start":{"line":52,"column":42},"end":{"line":280,"column":1}},"line":52},"1":{"name":"(anonymous_1)","decl":{"start":{"line":67,"column":14},"end":{"line":67,"column":15}},"loc":{"start":{"line":67,"column":20},"end":{"line":71,"column":5}},"line":67},"2":{"name":"(anonymous_2)","decl":{"start":{"line":68,"column":34},"end":{"line":68,"column":35}},"loc":{"start":{"line":68,"column":48},"end":{"line":70,"column":9}},"line":68},"3":{"name":"(anonymous_3)","decl":{"start":{"line":73,"column":14},"end":{"line":73,"column":15}},"loc":{"start":{"line":73,"column":20},"end":{"line":83,"column":5}},"line":73},"4":{"name":"(anonymous_4)","decl":{"start":{"line":80,"column":16},"end":{"line":80,"column":17}},"loc":{"start":{"line":80,"column":30},"end":{"line":82,"column":9}},"line":80},"5":{"name":"(anonymous_5)","decl":{"start":{"line":85,"column":14},"end":{"line":85,"column":15}},"loc":{"start":{"line":85,"column":20},"end":{"line":87,"column":5}},"line":85},"6":{"name":"(anonymous_6)","decl":{"start":{"line":89,"column":37},"end":{"line":89,"column":38}},"loc":{"start":{"line":89,"column":43},"end":{"line":91,"column":5}},"line":89},"7":{"name":"(anonymous_7)","decl":{"start":{"line":93,"column":45},"end":{"line":93,"column":46}},"loc":{"start":{"line":93,"column":69},"end":{"line":95,"column":5}},"line":93},"8":{"name":"(anonymous_8)","decl":{"start":{"line":97,"column":47},"end":{"line":97,"column":48}},"loc":{"start":{"line":97,"column":53},"end":{"line":99,"column":5}},"line":97},"9":{"name":"(anonymous_9)","decl":{"start":{"line":98,"column":26},"end":{"line":98,"column":27}},"loc":{"start":{"line":98,"column":37},"end":{"line":98,"column":43}},"line":98},"10":{"name":"(anonymous_10)","decl":{"start":{"line":102,"column":8},"end":{"line":102,"column":9}},"loc":{"start":{"line":102,"column":48},"end":{"line":106,"column":9}},"line":102},"11":{"name":"(anonymous_11)","decl":{"start":{"line":110,"column":41},"end":{"line":110,"column":42}},"loc":{"start":{"line":110,"column":59},"end":{"line":112,"column":5}},"line":110},"12":{"name":"(anonymous_12)","decl":{"start":{"line":114,"column":48},"end":{"line":114,"column":49}},"loc":{"start":{"line":114,"column":60},"end":{"line":133,"column":5}},"line":114},"13":{"name":"(anonymous_13)","decl":{"start":{"line":135,"column":42},"end":{"line":135,"column":43}},"loc":{"start":{"line":135,"column":48},"end":{"line":137,"column":5}},"line":135},"14":{"name":"(anonymous_14)","decl":{"start":{"line":139,"column":40},"end":{"line":139,"column":41}},"loc":{"start":{"line":139,"column":46},"end":{"line":147,"column":5}},"line":139},"15":{"name":"(anonymous_15)","decl":{"start":{"line":141,"column":20},"end":{"line":141,"column":21}},"loc":{"start":{"line":141,"column":34},"end":{"line":141,"column":43}},"line":141},"16":{"name":"(anonymous_16)","decl":{"start":{"line":142,"column":17},"end":{"line":142,"column":18}},"loc":{"start":{"line":142,"column":43},"end":{"line":146,"column":13}},"line":142},"17":{"name":"(anonymous_17)","decl":{"start":{"line":149,"column":42},"end":{"line":149,"column":43}},"loc":{"start":{"line":149,"column":48},"end":{"line":157,"column":5}},"line":149},"18":{"name":"(anonymous_18)","decl":{"start":{"line":151,"column":20},"end":{"line":151,"column":21}},"loc":{"start":{"line":151,"column":34},"end":{"line":151,"column":44}},"line":151},"19":{"name":"(anonymous_19)","decl":{"start":{"line":152,"column":17},"end":{"line":152,"column":18}},"loc":{"start":{"line":152,"column":43},"end":{"line":156,"column":13}},"line":152},"20":{"name":"(anonymous_20)","decl":{"start":{"line":179,"column":38},"end":{"line":179,"column":39}},"loc":{"start":{"line":179,"column":52},"end":{"line":179,"column":63}},"line":179},"21":{"name":"(anonymous_21)","decl":{"start":{"line":180,"column":36},"end":{"line":180,"column":37}},"loc":{"start":{"line":181,"column":28},"end":{"line":195,"column":48}},"line":181},"22":{"name":"(anonymous_22)","decl":{"start":{"line":182,"column":41},"end":{"line":182,"column":42}},"loc":{"start":{"line":183,"column":36},"end":{"line":183,"column":69}},"line":183},"23":{"name":"(anonymous_23)","decl":{"start":{"line":228,"column":32},"end":{"line":228,"column":33}},"loc":{"start":{"line":229,"column":36},"end":{"line":241,"column":43}},"line":229},"24":{"name":"(anonymous_24)","decl":{"start":{"line":234,"column":49},"end":{"line":234,"column":50}},"loc":{"start":{"line":234,"column":55},"end":{"line":234,"column":77}},"line":234},"25":{"name":"(anonymous_25)","decl":{"start":{"line":252,"column":32},"end":{"line":252,"column":33}},"loc":{"start":{"line":253,"column":36},"end":{"line":265,"column":43}},"line":253},"26":{"name":"(anonymous_26)","decl":{"start":{"line":258,"column":49},"end":{"line":258,"column":50}},"loc":{"start":{"line":258,"column":55},"end":{"line":258,"column":77}},"line":258}},"branchMap":{"0":{"loc":{"start":{"line":103,"column":12},"end":{"line":103,"column":67}},"type":"if","locations":[{"start":{"line":103,"column":12},"end":{"line":103,"column":67}},{"start":{"line":103,"column":12},"end":{"line":103,"column":67}}],"line":103},"1":{"loc":{"start":{"line":105,"column":12},"end":{"line":105,"column":43}},"type":"if","locations":[{"start":{"line":105,"column":12},"end":{"line":105,"column":43}},{"start":{"line":105,"column":12},"end":{"line":105,"column":43}}],"line":105},"2":{"loc":{"start":{"line":209,"column":21},"end":{"line":217,"column":21}},"type":"binary-expr","locations":[{"start":{"line":209,"column":21},"end":{"line":209,"column":35}},{"start":{"line":210,"column":24},"end":{"line":216,"column":26}}],"line":209}},"s":{"0":0,"1":0,"2":0,"3":0,"4":0,"5":0,"6":0,"7":0,"8":0,"9":0,"10":0,"11":0,"12":0,"13":0,"14":0,"15":0,"16":0,"17":0,"18":0,"19":0,"20":0,"21":0,"22":0,"23":0,"24":0,"25":0,"26":0,"27":0,"28":0,"29":0,"30":0,"31":0,"32":0,"33":0,"34":0,"35":0,"36":0,"37":0,"38":0,"39":0,"40":0,"41":0,"42":0,"43":0,"44":0,"45":0,"46":0,"47":0,"48":0,"49":0,"50":0,"51":0,"52":0,"53":0,"54":0,"55":0,"56":0,"57":0,"58":0},"f":{"0":0,"1":0,"2":0,"3":0,"4":0,"5":0,"6":0,"7":0,"8":0,"9":0,"10":0,"11":0,"12":0,"13":0,"14":0,"15":0,"16":0,"17":0,"18":0,"19":0,"20":0,"21":0,"22":0,"23":0,"24":0,"25":0,"26":0},"b":{"0":[0,0],"1":[0,0],"2":[0,0]},"hash":"e509f19d41a00817b67e82807e5ea3a4614a809b"}
,"/home/joao/Documents/Programming/Bootcamp/GoBarber/mobile/src/pages/Dashboard/index.tsx": {"path":"/home/joao/Documents/Programming/Bootcamp/GoBarber/mobile/src/pages/Dashboard/index.tsx","statementMap":{"0":{"start":{"line":31,"column":28},"end":{"line":103,"column":1}},"1":{"start":{"line":32,"column":21},"end":{"line":32,"column":30}},"2":{"start":{"line":33,"column":25},"end":{"line":33,"column":40}},"3":{"start":{"line":35,"column":38},"end":{"line":35,"column":62}},"4":{"start":{"line":37,"column":4},"end":{"line":41,"column":10}},"5":{"start":{"line":38,"column":8},"end":{"line":40,"column":10}},"6":{"start":{"line":39,"column":12},"end":{"line":39,"column":39}},"7":{"start":{"line":43,"column":30},"end":{"line":45,"column":18}},"8":{"start":{"line":44,"column":8},"end":{"line":44,"column":27}},"9":{"start":{"line":47,"column":40},"end":{"line":52,"column":5}},"10":{"start":{"line":49,"column":12},"end":{"line":49,"column":57}},"11":{"start":{"line":54,"column":4},"end":{"line":102,"column":5}},"12":{"start":{"line":69,"column":44},"end":{"line":69,"column":55}},"13":{"start":{"line":74,"column":20},"end":{"line":98,"column":40}},"14":{"start":{"line":75,"column":39},"end":{"line":75,"column":79}}},"fnMap":{"0":{"name":"(anonymous_0)","decl":{"start":{"line":31,"column":28},"end":{"line":31,"column":29}},"loc":{"start":{"line":31,"column":34},"end":{"line":103,"column":1}},"line":31},"1":{"name":"(anonymous_1)","decl":{"start":{"line":37,"column":14},"end":{"line":37,"column":15}},"loc":{"start":{"line":37,"column":20},"end":{"line":41,"column":5}},"line":37},"2":{"name":"(anonymous_2)","decl":{"start":{"line":38,"column":34},"end":{"line":38,"column":35}},"loc":{"start":{"line":38,"column":48},"end":{"line":40,"column":9}},"line":38},"3":{"name":"(anonymous_3)","decl":{"start":{"line":43,"column":42},"end":{"line":43,"column":43}},"loc":{"start":{"line":43,"column":48},"end":{"line":45,"column":5}},"line":43},"4":{"name":"(anonymous_4)","decl":{"start":{"line":48,"column":8},"end":{"line":48,"column":9}},"loc":{"start":{"line":48,"column":32},"end":{"line":50,"column":9}},"line":48},"5":{"name":"(anonymous_5)","decl":{"start":{"line":69,"column":30},"end":{"line":69,"column":31}},"loc":{"start":{"line":69,"column":44},"end":{"line":69,"column":55}},"line":69},"6":{"name":"(anonymous_6)","decl":{"start":{"line":73,"column":28},"end":{"line":73,"column":29}},"loc":{"start":{"line":74,"column":20},"end":{"line":98,"column":40}},"line":74},"7":{"name":"(anonymous_7)","decl":{"start":{"line":75,"column":33},"end":{"line":75,"column":34}},"loc":{"start":{"line":75,"column":39},"end":{"line":75,"column":79}},"line":75}},"branchMap":{},"s":{"0":0,"1":0,"2":0,"3":0,"4":0,"5":0,"6":0,"7":0,"8":0,"9":0,"10":0,"11":0,"12":0,"13":0,"14":0},"f":{"0":0,"1":0,"2":0,"3":0,"4":0,"5":0,"6":0,"7":0},"b":{},"hash":"a6b66adc90236204f0692bfa163a60214416ff65"}
,"/home/joao/Documents/Programming/Bootcamp/GoBarber/mobile/src/pages/Profile/index.tsx": {"path":"/home/joao/Documents/Programming/Bootcamp/GoBarber/mobile/src/pages/Profile/index.tsx","statementMap":{"0":{"start":{"line":40,"column":26},"end":{"line":278,"column":1}},"1":{"start":{"line":41,"column":33},"end":{"line":41,"column":42}},"2":{"start":{"line":43,"column":26},"end":{"line":43,"column":49}},"3":{"start":{"line":44,"column":32},"end":{"line":44,"column":55}},"4":{"start":{"line":45,"column":29},"end":{"line":45,"column":52}},"5":{"start":{"line":46,"column":41},"end":{"line":46,"column":64}},"6":{"start":{"line":48,"column":20},"end":{"line":48,"column":45}},"7":{"start":{"line":49,"column":23},"end":{"line":49,"column":38}},"8":{"start":{"line":51,"column":25},"end":{"line":132,"column":5}},"9":{"start":{"line":53,"column":12},"end":{"line":129,"column":13}},"10":{"start":{"line":54,"column":16},"end":{"line":54,"column":46}},"11":{"start":{"line":56,"column":31},"end":{"line":83,"column":18}},"12":{"start":{"line":63,"column":39},"end":{"line":63,"column":53}},"13":{"start":{"line":72,"column":43},"end":{"line":72,"column":57}},"14":{"start":{"line":85,"column":16},"end":{"line":87,"column":18}},"15":{"start":{"line":95,"column":20},"end":{"line":95,"column":24}},"16":{"start":{"line":97,"column":33},"end":{"line":107,"column":17}},"17":{"start":{"line":109,"column":33},"end":{"line":109,"column":68}},"18":{"start":{"line":111,"column":16},"end":{"line":111,"column":41}},"19":{"start":{"line":113,"column":16},"end":{"line":113,"column":60}},"20":{"start":{"line":115,"column":16},"end":{"line":115,"column":35}},"21":{"start":{"line":117,"column":16},"end":{"line":123,"column":17}},"22":{"start":{"line":118,"column":35},"end":{"line":118,"column":59}},"23":{"start":{"line":120,"column":20},"end":{"line":120,"column":54}},"24":{"start":{"line":122,"column":20},"end":{"line":122,"column":26}},"25":{"start":{"line":125,"column":16},"end":{"line":128,"column":17}},"26":{"start":{"line":134,"column":31},"end":{"line":165,"column":20}},"27":{"start":{"line":135,"column":8},"end":{"line":164,"column":9}},"28":{"start":{"line":143,"column":16},"end":{"line":143,"column":46}},"29":{"start":{"line":143,"column":40},"end":{"line":143,"column":46}},"30":{"start":{"line":145,"column":16},"end":{"line":148,"column":17}},"31":{"start":{"line":146,"column":20},"end":{"line":146,"column":64}},"32":{"start":{"line":147,"column":20},"end":{"line":147,"column":26}},"33":{"start":{"line":150,"column":48},"end":{"line":150,"column":56}},"34":{"start":{"line":152,"column":29},"end":{"line":152,"column":43}},"35":{"start":{"line":154,"column":16},"end":{"line":158,"column":18}},"36":{"start":{"line":160,"column":16},"end":{"line":162,"column":18}},"37":{"start":{"line":161,"column":20},"end":{"line":161,"column":48}},"38":{"start":{"line":167,"column":25},"end":{"line":169,"column":20}},"39":{"start":{"line":168,"column":8},"end":{"line":168,"column":27}},"40":{"start":{"line":171,"column":4},"end":{"line":277,"column":5}},"41":{"start":{"line":211,"column":36},"end":{"line":211,"column":66}},"42":{"start":{"line":224,"column":36},"end":{"line":224,"column":72}},"43":{"start":{"line":237,"column":36},"end":{"line":237,"column":69}},"44":{"start":{"line":249,"column":36},"end":{"line":249,"column":81}},"45":{"start":{"line":261,"column":36},"end":{"line":261,"column":65}},"46":{"start":{"line":267,"column":36},"end":{"line":267,"column":65}}},"fnMap":{"0":{"name":"(anonymous_0)","decl":{"start":{"line":40,"column":26},"end":{"line":40,"column":27}},"loc":{"start":{"line":40,"column":32},"end":{"line":278,"column":1}},"line":40},"1":{"name":"(anonymous_1)","decl":{"start":{"line":52,"column":8},"end":{"line":52,"column":9}},"loc":{"start":{"line":52,"column":41},"end":{"line":130,"column":9}},"line":52},"2":{"name":"(anonymous_2)","decl":{"start":{"line":63,"column":28},"end":{"line":63,"column":29}},"loc":{"start":{"line":63,"column":39},"end":{"line":63,"column":53}},"line":63},"3":{"name":"(anonymous_3)","decl":{"start":{"line":72,"column":32},"end":{"line":72,"column":33}},"loc":{"start":{"line":72,"column":43},"end":{"line":72,"column":57}},"line":72},"4":{"name":"(anonymous_4)","decl":{"start":{"line":134,"column":43},"end":{"line":134,"column":44}},"loc":{"start":{"line":134,"column":49},"end":{"line":165,"column":5}},"line":134},"5":{"name":"(anonymous_5)","decl":{"start":{"line":142,"column":12},"end":{"line":142,"column":13}},"loc":{"start":{"line":142,"column":26},"end":{"line":163,"column":13}},"line":142},"6":{"name":"(anonymous_6)","decl":{"start":{"line":160,"column":53},"end":{"line":160,"column":54}},"loc":{"start":{"line":160,"column":70},"end":{"line":162,"column":17}},"line":160},"7":{"name":"(anonymous_7)","decl":{"start":{"line":167,"column":37},"end":{"line":167,"column":38}},"loc":{"start":{"line":167,"column":43},"end":{"line":169,"column":5}},"line":167},"8":{"name":"(anonymous_8)","decl":{"start":{"line":210,"column":49},"end":{"line":210,"column":50}},"loc":{"start":{"line":210,"column":55},"end":{"line":212,"column":33}},"line":210},"9":{"name":"(anonymous_9)","decl":{"start":{"line":223,"column":49},"end":{"line":223,"column":50}},"loc":{"start":{"line":223,"column":55},"end":{"line":225,"column":33}},"line":223},"10":{"name":"(anonymous_10)","decl":{"start":{"line":236,"column":49},"end":{"line":236,"column":50}},"loc":{"start":{"line":236,"column":55},"end":{"line":238,"column":33}},"line":236},"11":{"name":"(anonymous_11)","decl":{"start":{"line":248,"column":49},"end":{"line":248,"column":50}},"loc":{"start":{"line":248,"column":55},"end":{"line":250,"column":33}},"line":248},"12":{"name":"(anonymous_12)","decl":{"start":{"line":260,"column":49},"end":{"line":260,"column":50}},"loc":{"start":{"line":260,"column":55},"end":{"line":262,"column":33}},"line":260},"13":{"name":"(anonymous_13)","decl":{"start":{"line":266,"column":41},"end":{"line":266,"column":42}},"loc":{"start":{"line":266,"column":47},"end":{"line":268,"column":33}},"line":266}},"branchMap":{"0":{"loc":{"start":{"line":100,"column":24},"end":{"line":106,"column":28}},"type":"cond-expr","locations":[{"start":{"line":101,"column":26},"end":{"line":105,"column":27}},{"start":{"line":106,"column":26},"end":{"line":106,"column":28}}],"line":100},"1":{"loc":{"start":{"line":117,"column":16},"end":{"line":123,"column":17}},"type":"if","locations":[{"start":{"line":117,"column":16},"end":{"line":123,"column":17}},{"start":{"line":117,"column":16},"end":{"line":123,"column":17}}],"line":117},"2":{"loc":{"start":{"line":143,"column":16},"end":{"line":143,"column":46}},"type":"if","locations":[{"start":{"line":143,"column":16},"end":{"line":143,"column":46}},{"start":{"line":143,"column":16},"end":{"line":143,"column":46}}],"line":143},"3":{"loc":{"start":{"line":145,"column":16},"end":{"line":148,"column":17}},"type":"if","locations":[{"start":{"line":145,"column":16},"end":{"line":148,"column":17}},{"start":{"line":145,"column":16},"end":{"line":148,"column":17}}],"line":145},"4":{"loc":{"start":{"line":175,"column":26},"end":{"line":175,"column":71}},"type":"cond-expr","locations":[{"start":{"line":175,"column":50},"end":{"line":175,"column":59}},{"start":{"line":175,"column":62},"end":{"line":175,"column":71}}],"line":175}},"s":{"0":0,"1":0,"2":0,"3":0,"4":0,"5":0,"6":0,"7":0,"8":0,"9":0,"10":0,"11":0,"12":0,"13":0,"14":0,"15":0,"16":0,"17":0,"18":0,"19":0,"20":0,"21":0,"22":0,"23":0,"24":0,"25":0,"26":0,"27":0,"28":0,"29":0,"30":0,"31":0,"32":0,"33":0,"34":0,"35":0,"36":0,"37":0,"38":0,"39":0,"40":0,"41":0,"42":0,"43":0,"44":0,"45":0,"46":0},"f":{"0":0,"1":0,"2":0,"3":0,"4":0,"5":0,"6":0,"7":0,"8":0,"9":0,"10":0,"11":0,"12":0,"13":0},"b":{"0":[0,0],"1":[0,0],"2":[0,0],"3":[0,0],"4":[0,0]},"hash":"ccdf7b1a75f7ce8a280461a1f62e23e0496ee6a0"}
,"/home/joao/Documents/Programming/Bootcamp/GoBarber/mobile/src/pages/SignIn/index.tsx": {"path":"/home/joao/Documents/Programming/Bootcamp/GoBarber/mobile/src/pages/SignIn/index.tsx","statementMap":{"0":{"start":{"line":40,"column":25},"end":{"line":148,"column":1}},"1":{"start":{"line":41,"column":20},"end":{"line":41,"column":45}},"2":{"start":{"line":42,"column":29},"end":{"line":42,"column":52}},"3":{"start":{"line":43,"column":23},"end":{"line":43,"column":38}},"4":{"start":{"line":44,"column":29},"end":{"line":44,"column":38}},"5":{"start":{"line":46,"column":25},"end":{"line":79,"column":5}},"6":{"start":{"line":48,"column":12},"end":{"line":76,"column":13}},"7":{"start":{"line":49,"column":16},"end":{"line":49,"column":46}},"8":{"start":{"line":51,"column":31},"end":{"line":56,"column":18}},"9":{"start":{"line":58,"column":16},"end":{"line":60,"column":18}},"10":{"start":{"line":62,"column":16},"end":{"line":62,"column":76}},"11":{"start":{"line":64,"column":16},"end":{"line":70,"column":17}},"12":{"start":{"line":65,"column":35},"end":{"line":65,"column":59}},"13":{"start":{"line":67,"column":20},"end":{"line":67,"column":54}},"14":{"start":{"line":69,"column":20},"end":{"line":69,"column":26}},"15":{"start":{"line":72,"column":16},"end":{"line":75,"column":17}},"16":{"start":{"line":81,"column":4},"end":{"line":147,"column":5}},"17":{"start":{"line":109,"column":36},"end":{"line":109,"column":69}},"18":{"start":{"line":120,"column":36},"end":{"line":120,"column":65}},"19":{"start":{"line":126,"column":36},"end":{"line":126,"column":65}},"20":{"start":{"line":141,"column":52},"end":{"line":141,"column":81}}},"fnMap":{"0":{"name":"(anonymous_0)","decl":{"start":{"line":40,"column":25},"end":{"line":40,"column":26}},"loc":{"start":{"line":40,"column":31},"end":{"line":148,"column":1}},"line":40},"1":{"name":"(anonymous_1)","decl":{"start":{"line":47,"column":8},"end":{"line":47,"column":9}},"loc":{"start":{"line":47,"column":40},"end":{"line":77,"column":9}},"line":47},"2":{"name":"(anonymous_2)","decl":{"start":{"line":108,"column":49},"end":{"line":108,"column":50}},"loc":{"start":{"line":108,"column":55},"end":{"line":110,"column":33}},"line":108},"3":{"name":"(anonymous_3)","decl":{"start":{"line":119,"column":49},"end":{"line":119,"column":50}},"loc":{"start":{"line":119,"column":55},"end":{"line":121,"column":33}},"line":119},"4":{"name":"(anonymous_4)","decl":{"start":{"line":125,"column":41},"end":{"line":125,"column":42}},"loc":{"start":{"line":125,"column":47},"end":{"line":127,"column":33}},"line":125},"5":{"name":"(anonymous_5)","decl":{"start":{"line":133,"column":49},"end":{"line":133,"column":50}},"loc":{"start":{"line":133,"column":55},"end":{"line":133,"column":57}},"line":133},"6":{"name":"(anonymous_6)","decl":{"start":{"line":141,"column":46},"end":{"line":141,"column":47}},"loc":{"start":{"line":141,"column":52},"end":{"line":141,"column":81}},"line":141}},"branchMap":{"0":{"loc":{"start":{"line":64,"column":16},"end":{"line":70,"column":17}},"type":"if","locations":[{"start":{"line":64,"column":16},"end":{"line":70,"column":17}},{"start":{"line":64,"column":16},"end":{"line":70,"column":17}}],"line":64},"1":{"loc":{"start":{"line":85,"column":26},"end":{"line":85,"column":71}},"type":"cond-expr","locations":[{"start":{"line":85,"column":50},"end":{"line":85,"column":59}},{"start":{"line":85,"column":62},"end":{"line":85,"column":71}}],"line":85}},"s":{"0":1,"1":1,"2":1,"3":1,"4":1,"5":1,"6":0,"7":0,"8":0,"9":0,"10":0,"11":0,"12":0,"13":0,"14":0,"15":0,"16":1,"17":0,"18":0,"19":0,"20":0},"f":{"0":1,"1":0,"2":0,"3":0,"4":0,"5":0,"6":0},"b":{"0":[0,0],"1":[1,0]},"_coverageSchema":"43e27e138ebf9cfc5966b082cf9a028302ed4184","hash":"7f8416c945410cd3c657cf361a87acff61b5da6e"}
,"/home/joao/Documents/Programming/Bootcamp/GoBarber/mobile/src/pages/SignUp/index.tsx": {"path":"/home/joao/Documents/Programming/Bootcamp/GoBarber/mobile/src/pages/SignUp/index.tsx","statementMap":{"0":{"start":{"line":25,"column":25},"end":{"line":145,"column":1}},"1":{"start":{"line":26,"column":26},"end":{"line":26,"column":38}},"2":{"start":{"line":27,"column":29},"end":{"line":27,"column":41}},"3":{"start":{"line":28,"column":20},"end":{"line":28,"column":45}},"4":{"start":{"line":29,"column":23},"end":{"line":29,"column":38}},"5":{"start":{"line":31,"column":25},"end":{"line":68,"column":5}},"6":{"start":{"line":33,"column":12},"end":{"line":65,"column":13}},"7":{"start":{"line":34,"column":16},"end":{"line":34,"column":46}},"8":{"start":{"line":36,"column":31},"end":{"line":42,"column":18}},"9":{"start":{"line":44,"column":16},"end":{"line":46,"column":18}},"10":{"start":{"line":47,"column":16},"end":{"line":47,"column":46}},"11":{"start":{"line":49,"column":16},"end":{"line":49,"column":93}},"12":{"start":{"line":51,"column":16},"end":{"line":51,"column":35}},"13":{"start":{"line":53,"column":16},"end":{"line":59,"column":17}},"14":{"start":{"line":54,"column":35},"end":{"line":54,"column":59}},"15":{"start":{"line":56,"column":20},"end":{"line":56,"column":54}},"16":{"start":{"line":58,"column":20},"end":{"line":58,"column":26}},"17":{"start":{"line":61,"column":16},"end":{"line":64,"column":17}},"18":{"start":{"line":70,"column":4},"end":{"line":144,"column":5}},"19":{"start":{"line":96,"column":36},"end":{"line":96,"column":66}},"20":{"start":{"line":109,"column":36},"end":{"line":109,"column":69}},"21":{"start":{"line":121,"column":36},"end":{"line":121,"column":65}},"22":{"start":{"line":127,"column":36},"end":{"line":127,"column":65}},"23":{"start":{"line":138,"column":45},"end":{"line":138,"column":64}}},"fnMap":{"0":{"name":"(anonymous_0)","decl":{"start":{"line":25,"column":25},"end":{"line":25,"column":26}},"loc":{"start":{"line":25,"column":31},"end":{"line":145,"column":1}},"line":25},"1":{"name":"(anonymous_1)","decl":{"start":{"line":32,"column":8},"end":{"line":32,"column":9}},"loc":{"start":{"line":32,"column":40},"end":{"line":66,"column":9}},"line":32},"2":{"name":"(anonymous_2)","decl":{"start":{"line":95,"column":49},"end":{"line":95,"column":50}},"loc":{"start":{"line":95,"column":55},"end":{"line":97,"column":33}},"line":95},"3":{"name":"(anonymous_3)","decl":{"start":{"line":108,"column":49},"end":{"line":108,"column":50}},"loc":{"start":{"line":108,"column":55},"end":{"line":110,"column":33}},"line":108},"4":{"name":"(anonymous_4)","decl":{"start":{"line":120,"column":49},"end":{"line":120,"column":50}},"loc":{"start":{"line":120,"column":55},"end":{"line":122,"column":33}},"line":120},"5":{"name":"(anonymous_5)","decl":{"start":{"line":126,"column":41},"end":{"line":126,"column":42}},"loc":{"start":{"line":126,"column":47},"end":{"line":128,"column":33}},"line":126},"6":{"name":"(anonymous_6)","decl":{"start":{"line":138,"column":39},"end":{"line":138,"column":40}},"loc":{"start":{"line":138,"column":45},"end":{"line":138,"column":64}},"line":138}},"branchMap":{"0":{"loc":{"start":{"line":53,"column":16},"end":{"line":59,"column":17}},"type":"if","locations":[{"start":{"line":53,"column":16},"end":{"line":59,"column":17}},{"start":{"line":53,"column":16},"end":{"line":59,"column":17}}],"line":53},"1":{"loc":{"start":{"line":74,"column":26},"end":{"line":74,"column":71}},"type":"cond-expr","locations":[{"start":{"line":74,"column":50},"end":{"line":74,"column":59}},{"start":{"line":74,"column":62},"end":{"line":74,"column":71}}],"line":74}},"s":{"0":0,"1":0,"2":0,"3":0,"4":0,"5":0,"6":0,"7":0,"8":0,"9":0,"10":0,"11":0,"12":0,"13":0,"14":0,"15":0,"16":0,"17":0,"18":0,"19":0,"20":0,"21":0,"22":0,"23":0},"f":{"0":0,"1":0,"2":0,"3":0,"4":0,"5":0,"6":0},"b":{"0":[0,0],"1":[0,0]},"hash":"a26de69912dc492327933526f0d5910a8d073b07"}
}
